<html>
<head>
<title>TestNG:  Test</title>
<link href="../testng.css" rel="stylesheet" type="text/css" />
<link href="../my-testng.css" rel="stylesheet" type="text/css" />

<style type="text/css">
.log { display: none;} 
.stack-trace { display: none;} 
</style>
<script type="text/javascript">
<!--
function flip(e) {
  current = e.style.display;
  if (current == 'block') {
    e.style.display = 'none';
    return 0;
  }
  else {
    e.style.display = 'block';
    return 1;
  }
}

function toggleBox(szDivId, elem, msg1, msg2)
{
  var res = -1;  if (document.getElementById) {
    res = flip(document.getElementById(szDivId));
  }
  else if (document.all) {
    // this is the way old msie versions work
    res = flip(document.all[szDivId]);
  }
  if(elem) {
    if(res == 0) elem.innerHTML = msg1; else elem.innerHTML = msg2;
  }

}

function toggleAllBoxes() {
  if (document.getElementsByTagName) {
    d = document.getElementsByTagName('div');
    for (i = 0; i < d.length; i++) {
      if (d[i].className == 'log') {
        flip(d[i]);
      }
    }
  }
}

// -->
</script>

</head>
<body>
<h2 align='center'>Test</h2><table border='1' align="center">
<tr>
<td>Tests passed/Failed/Skipped:</td><td>5/2/0</td>
</tr><tr>
<td>Started on:</td><td>Mon May 19 11:45:47 MST 2025</td>
</tr>
<tr><td>Total time:</td><td>92 seconds (92552 ms)</td>
</tr><tr>
<td>Included groups:</td><td></td>
</tr><tr>
<td>Excluded groups:</td><td></td>
</tr>
</table><p/>
<small><i>(Hover the method name to see the test class name)</i></small><p/>
<table width='100%' border='1' class='invocation-failed'>
<tr><td colspan='4' align='center'><b>FAILED TESTS</b></td></tr>
<tr><td><b>Test method</b></td>
<td><b>Attribute(s)</b></td>
<td width="30%"><b>Exception</b></td>
<td width="10%"><b>Time (seconds)</b></td>
<td><b>Instance</b></td>
</tr>
<tr>
<td title='qa.runners.tc2Runner.runScenario()'><b>runScenario</b><br>Test class: qa.runners.tc2Runner<br>Test method: Runs Cucumber Scenarios<br>Parameters: "Validate filters and sort options for search", "Test case 2"</td>
<td><div><pre>java.lang.AssertionError: expected [true] but found [false]
	at qa.stepDefinitions.tc2StepDefinition.validate_first_entry_name_is(tc2StepDefinition.java:62)
	at ✽.validate first entry name is &quot;A Wave From It All&quot;(file:///C:/Users/mengj/Documents/QA_Projects/OneOak/src/test/resources/featureFiles/TestCase2.feature:13)
... Removed 4 stack frames</pre></div><a href='#' onClick='toggleBox("stack-trace1101149296", this, "Click to show all stack frames", "Click to hide stack frames")'>Click to show all stack frames</a>
<div class='stack-trace' id='stack-trace1101149296'><pre>java.lang.AssertionError: expected [true] but found [false]
	at org.testng.Assert.fail(Assert.java:111)
	at org.testng.Assert.failNotEquals(Assert.java:1578)
	at org.testng.Assert.assertTrue(Assert.java:57)
	at org.testng.Assert.assertTrue(Assert.java:67)
	at qa.stepDefinitions.tc2StepDefinition.validate_first_entry_name_is(tc2StepDefinition.java:62)
	at ✽.validate first entry name is &quot;A Wave From It All&quot;(file:///C:/Users/mengj/Documents/QA_Projects/OneOak/src/test/resources/featureFiles/TestCase2.feature:13)
</pre></div></td>
<td>16</td>
<td>qa.runners.tc2Runner@480d3575</td></tr>
<tr>
<td title='qa.runners.tc4Runner.runScenario()'><b>runScenario</b><br>Test class: qa.runners.tc4Runner<br>Test method: Runs Cucumber Scenarios<br>Parameters: ": Validate hover options, location and UI elements", "Test case 4"</td>
<td><div><pre>java.lang.AssertionError: expected [true] but found [false]
	at qa.stepDefinitions.tc4StepDefinition.validate_on_home_page(tc4StepDefinition.java:46)
	at ✽.validate &quot;CHANDLER VACATION RENTALS&quot; on home page(file:///C:/Users/mengj/Documents/QA_Projects/OneOak/src/test/resources/featureFiles/TestCase4.feature:9)
... Removed 4 stack frames</pre></div><a href='#' onClick='toggleBox("stack-trace1551501036", this, "Click to show all stack frames", "Click to hide stack frames")'>Click to show all stack frames</a>
<div class='stack-trace' id='stack-trace1551501036'><pre>java.lang.AssertionError: expected [true] but found [false]
	at org.testng.Assert.fail(Assert.java:111)
	at org.testng.Assert.failNotEquals(Assert.java:1578)
	at org.testng.Assert.assertTrue(Assert.java:57)
	at org.testng.Assert.assertTrue(Assert.java:67)
	at qa.stepDefinitions.tc4StepDefinition.validate_on_home_page(tc4StepDefinition.java:46)
	at ✽.validate &quot;CHANDLER VACATION RENTALS&quot; on home page(file:///C:/Users/mengj/Documents/QA_Projects/OneOak/src/test/resources/featureFiles/TestCase4.feature:9)
</pre></div></td>
<td>9</td>
<td>qa.runners.tc4Runner@194fad1</td></tr>
</table><p>
<table width='100%' border='1' class='invocation-passed'>
<tr><td colspan='4' align='center'><b>PASSED TESTS</b></td></tr>
<tr><td><b>Test method</b></td>
<td><b>Attribute(s)</b></td>
<td width="30%"><b>Exception</b></td>
<td width="10%"><b>Time (seconds)</b></td>
<td><b>Instance</b></td>
</tr>
<tr>
<td title='qa.runners.tc2Runner.runScenario()'><b>runScenario</b><br>Test class: qa.runners.tc2Runner<br>Test method: Runs Cucumber Scenarios<br>Parameters: "Validate filters and sort options for search", "Test case 2"</td>
<td></td>
<td>13</td>
<td>qa.runners.tc2Runner@480d3575</td></tr>
<tr>
<td title='qa.runners.tc2Runner.runScenario()'><b>runScenario</b><br>Test class: qa.runners.tc2Runner<br>Test method: Runs Cucumber Scenarios<br>Parameters: "Validate filters and sort options for search", "Test case 2"</td>
<td></td>
<td>13</td>
<td>qa.runners.tc2Runner@480d3575</td></tr>
<tr>
<td title='qa.runners.tc1Runner.runScenario()'><b>runScenario</b><br>Test class: qa.runners.tc1Runner<br>Test method: Runs Cucumber Scenarios<br>Parameters: "Validate the social media urls in footer", "Test case 1"</td>
<td></td>
<td>14</td>
<td>qa.runners.tc1Runner@5b38c1ec</td></tr>
<tr>
<td title='qa.runners.tc3Runner.runScenario()'><b>runScenario</b><br>Test class: qa.runners.tc3Runner<br>Test method: Runs Cucumber Scenarios<br>Parameters: "Validate data at checkout", "Test case 3"</td>
<td></td>
<td>13</td>
<td>qa.runners.tc3Runner@f1da57d</td></tr>
<tr>
<td title='qa.runners.tc5Runner.runScenario()'><b>runScenario</b><br>Test class: qa.runners.tc5Runner<br>Test method: Runs Cucumber Scenarios<br>Parameters: "Validate error messages", "Test case 5"</td>
<td></td>
<td>9</td>
<td>qa.runners.tc5Runner@26abb146</td></tr>
</table><p>
</body>
</html>